<?xml version="1.0" encoding="UTF-8"?>
<!-- Generated by org.testng.reporters.JUnitReportReporter -->
<testsuite skipped="0" hostname="DESKTOP-9D0UF9G" name="com.demo.TestPrograms" tests="5" failures="0" timestamp="2020-07-26T22:15:27 IST" time="0.017" errors="0">
  <testcase name="watsapp" time="0.001" classname="com.demo.TestPrograms"/>
  <system-out/>
  <testcase name="facebook" time="0.003" classname="com.demo.TestPrograms"/>
  <system-out/>
  <testcase name="google" time="0.003" classname="com.demo.TestPrograms"/>
  <system-out/>
  <testcase name="Whatsapp" time="0.007" classname="com.demo.TestPrograms"/>
  <system-out/>
  <testcase name="twitter" time="0.003" classname="com.demo.TestPrograms"/>
  <system-out/>
</testsuite> <!-- com.demo.TestPrograms -->
