<?xml version="1.0" encoding="UTF-8"?>
<!-- Generated by org.testng.reporters.JUnitReportReporter -->
<testsuite skipped="2" hostname="DESKTOP-9D0UF9G" name="com.finance.FinancialManager" tests="5" failures="0" timestamp="2020-08-06T14:40:08 IST" time="258.167" errors="0">
  <testcase name="expenses" time="83.356" classname="com.finance.FinancialManager"/>
  <system-out/>
  <testcase name="income" time="84.082" classname="com.finance.FinancialManager"/>
  <system-out/>
  <testcase name="show_date" time="90.729" classname="com.finance.FinancialManager"/>
  <system-out/>
  <testcase name="register" classname="com.finance.FinancialManager">
    <skipped/>
  </testcase> <!-- register -->
  <system-out/>
  <testcase name="navigation" classname="com.finance.FinancialManager">
    <skipped/>
  </testcase> <!-- navigation -->
  <system-out/>
</testsuite> <!-- com.finance.FinancialManager -->
